# JRE version: OpenJDK Runtime Environment Temurin-21.0.5+11 (21.0.5+11) (build 21.0.5+11-LTS)
# Java VM: OpenJDK 64-Bit Server VM Temurin-21.0.5+11 (21.0.5+11-LTS, mixed mode, emulated-client, sharing, tiered, compressed oops, compressed class ptrs, g1 gc, windows-amd64)
GC Precious Log:
 CardTable entry size: 512
 Card Set container configuration: InlinePtr #cards 4 size 8 Array Of Cards #cards 16 size 48 Howl #buckets 8 coarsen threshold 3686 Howl Bitmap #cards 512 size 80 coarsen threshold 460 Card regions per heap region 1 cards per card region 4096
 CPUs: 8 total, 8 available
 Memory: 16106M
 Large Page Support: Disabled
 NUMA Support: Disabled
 Compressed Oops: Enabled (Zero based)
 Heap Region Size: 2M
 Heap Min Capacity: 8M
 Heap Initial Capacity: 252M
 Heap Max Capacity: 4028M
 Pre-touch: Disabled
 Parallel Workers: 8
 Concurrent Workers: 2
 Concurrent Refinement Workers: 8
 Periodic GC: Disabled
Heap:
 garbage-first heap   total 94208K, used 57963K [0x0000000704400000, 0x0000000800000000)
  region size 2048K, 19 young (38912K), 0 survivors (0K)
 Metaspace       used 60941K, committed 61696K, reserved 1114112K
  class space    used 8430K, committed 8768K, reserved 1048576K
GC Heap History (20 events):
Event: 3.111 GC heap before
{Heap before GC invocations=8 (full 0):
 garbage-first heap   total 147456K, used 97222K [0x0000000704400000, 0x0000000800000000)
  region size 2048K, 43 young (88064K), 1 survivors (2048K)
 Metaspace       used 27357K, committed 27840K, reserved 1114112K
  class space    used 3686K, committed 3904K, reserved 1048576K
}
Event: 3.117 GC heap after
{Heap after GC invocations=9 (full 0):
 garbage-first heap   total 147456K, used 18397K [0x0000000704400000, 0x0000000800000000)
  region size 2048K, 3 young (6144K), 3 survivors (6144K)
 Metaspace       used 27357K, committed 27840K, reserved 1114112K
  class space    used 3686K, committed 3904K, reserved 1048576K
}
Event: 3.117 GC heap before
{Heap before GC invocations=9 (full 0):
 garbage-first heap   total 147456K, used 18397K [0x0000000704400000, 0x0000000800000000)
  region size 2048K, 4 young (8192K), 3 survivors (6144K)
 Metaspace       used 27358K, committed 27840K, reserved 1114112K
  class space    used 3686K, committed 3904K, reserved 1048576K
}
Event: 3.122 GC heap after
{Heap after GC invocations=10 (full 0):
 garbage-first heap   total 147456K, used 18514K [0x0000000704400000, 0x0000000800000000)
  region size 2048K, 4 young (8192K), 4 survivors (8192K)
 Metaspace       used 27358K, committed 27840K, reserved 1114112K
  class space    used 3686K, committed 3904K, reserved 1048576K
}
Event: 3.351 GC heap before
{Heap before GC invocations=11 (full 0):
 garbage-first heap   total 75776K, used 55378K [0x0000000704400000, 0x0000000800000000)
  region size 2048K, 22 young (45056K), 4 survivors (8192K)
 Metaspace       used 30885K, committed 31424K, reserved 1114112K
  class space    used 4171K, committed 4416K, reserved 1048576K
}
Event: 3.356 GC heap after
{Heap after GC invocations=12 (full 0):
 garbage-first heap   total 75776K, used 19522K [0x0000000704400000, 0x0000000800000000)
  region size 2048K, 1 young (2048K), 1 survivors (2048K)
 Metaspace       used 30885K, committed 31424K, reserved 1114112K
  class space    used 4171K, committed 4416K, reserved 1048576K
}
Event: 3.656 GC heap before
{Heap before GC invocations=12 (full 0):
 garbage-first heap   total 75776K, used 62530K [0x0000000704400000, 0x0000000800000000)
  region size 2048K, 22 young (45056K), 1 survivors (2048K)
 Metaspace       used 35207K, committed 35776K, reserved 1114112K
  class space    used 4749K, committed 5056K, reserved 1048576K
}
Event: 3.658 GC heap after
{Heap after GC invocations=13 (full 0):
 garbage-first heap   total 75776K, used 20644K [0x0000000704400000, 0x0000000800000000)
  region size 2048K, 1 young (2048K), 1 survivors (2048K)
 Metaspace       used 35207K, committed 35776K, reserved 1114112K
  class space    used 4749K, committed 5056K, reserved 1048576K
}
Event: 4.073 GC heap before
{Heap before GC invocations=13 (full 0):
 garbage-first heap   total 75776K, used 63652K [0x0000000704400000, 0x0000000800000000)
  region size 2048K, 22 young (45056K), 1 survivors (2048K)
 Metaspace       used 42087K, committed 42688K, reserved 1114112K
  class space    used 5636K, committed 5888K, reserved 1048576K
}
Event: 4.077 GC heap after
{Heap after GC invocations=14 (full 0):
 garbage-first heap   total 75776K, used 22487K [0x0000000704400000, 0x0000000800000000)
  region size 2048K, 2 young (4096K), 2 survivors (4096K)
 Metaspace       used 42087K, committed 42688K, reserved 1114112K
  class space    used 5636K, committed 5888K, reserved 1048576K
}
Event: 4.331 GC heap before
{Heap before GC invocations=14 (full 0):
 garbage-first heap   total 75776K, used 53207K [0x0000000704400000, 0x0000000800000000)
  region size 2048K, 19 young (38912K), 2 survivors (4096K)
 Metaspace       used 45984K, committed 46528K, reserved 1114112K
  class space    used 6197K, committed 6464K, reserved 1048576K
}
Event: 4.335 GC heap after
{Heap after GC invocations=15 (full 0):
 garbage-first heap   total 75776K, used 23130K [0x0000000704400000, 0x0000000800000000)
  region size 2048K, 2 young (4096K), 2 survivors (4096K)
 Metaspace       used 45984K, committed 46528K, reserved 1114112K
  class space    used 6197K, committed 6464K, reserved 1048576K
}
Event: 4.656 GC heap before
{Heap before GC invocations=16 (full 0):
 garbage-first heap   total 75776K, used 64090K [0x0000000704400000, 0x0000000800000000)
  region size 2048K, 22 young (45056K), 2 survivors (4096K)
 Metaspace       used 49923K, committed 50560K, reserved 1114112K
  class space    used 6898K, committed 7168K, reserved 1048576K
}
Event: 4.659 GC heap after
{Heap after GC invocations=17 (full 0):
 garbage-first heap   total 94208K, used 24378K [0x0000000704400000, 0x0000000800000000)
  region size 2048K, 2 young (4096K), 2 survivors (4096K)
 Metaspace       used 49923K, committed 50560K, reserved 1114112K
  class space    used 6898K, committed 7168K, reserved 1048576K
}
Event: 5.042 GC heap before
{Heap before GC invocations=17 (full 0):
 garbage-first heap   total 94208K, used 75578K [0x0000000704400000, 0x0000000800000000)
  region size 2048K, 27 young (55296K), 2 survivors (4096K)
 Metaspace       used 55034K, committed 55680K, reserved 1114112K
  class space    used 7586K, committed 7872K, reserved 1048576K
}
Event: 5.046 GC heap after
{Heap after GC invocations=18 (full 0):
 garbage-first heap   total 94208K, used 24752K [0x0000000704400000, 0x0000000800000000)
  region size 2048K, 3 young (6144K), 3 survivors (6144K)
 Metaspace       used 55034K, committed 55680K, reserved 1114112K
  class space    used 7586K, committed 7872K, reserved 1048576K
}
Event: 5.475 GC heap before
{Heap before GC invocations=18 (full 0):
 garbage-first heap   total 94208K, used 73904K [0x0000000704400000, 0x0000000800000000)
  region size 2048K, 27 young (55296K), 3 survivors (6144K)
 Metaspace       used 58483K, committed 59200K, reserved 1114112K
  class space    used 8086K, committed 8384K, reserved 1048576K
}
Event: 5.482 GC heap after
{Heap after GC invocations=19 (full 0):
 garbage-first heap   total 94208K, used 27415K [0x0000000704400000, 0x0000000800000000)
  region size 2048K, 4 young (8192K), 4 survivors (8192K)
 Metaspace       used 58483K, committed 59200K, reserved 1114112K
  class space    used 8086K, committed 8384K, reserved 1048576K
}
Event: 590.076 GC heap before
{Heap before GC invocations=19 (full 0):
 garbage-first heap   total 94208K, used 64279K [0x0000000704400000, 0x0000000800000000)
  region size 2048K, 23 young (47104K), 4 survivors (8192K)
 Metaspace       used 60858K, committed 61632K, reserved 1114112K
  class space    used 8418K, committed 8768K, reserved 1048576K
}
Event: 590.123 GC heap after
{Heap after GC invocations=20 (full 1):
 garbage-first heap   total 94208K, used 23147K [0x0000000704400000, 0x0000000800000000)
  region size 2048K, 0 young (0K), 0 survivors (0K)
 Metaspace       used 60858K, committed 61632K, reserved 1114112K
  class space    used 8418K, committed 8768K, reserved 1048576K
}

